<?xml version="1.0" encoding="UTF-8"?>
<!-- Generated by org.testng.reporters.JUnitXMLReporter -->
<testsuite ignored="0" hostname="LAPTOP-10U52Q9I" failures="0" tests="4" name="Test" time="6.229" errors="0" timestamp="2023-08-28T16:12:12 SGT">
  <testcase classname="day8.createClass" name="test_createUser" time="3.739"/>
  <testcase classname="day8.getUser" name="test_getuser" time="0.762"/>
  <testcase classname="day8.updateUser" name="test_updateUser" time="0.812"/>
  <testcase classname="day8.deleteUser" name="test_deleteUser" time="0.839"/>
</testsuite> <!-- Test -->
